<?xml version="1.0" encoding="UTF-8"?>
<!-- Generated by org.testng.reporters.JUnitReportReporter -->
<testsuite skipped="0" hostname="IBM-Testing01" name="com.training.sanity.tests.CYTC_005tests" tests="1" failures="0" timestamp="16 Jan 2020 06:44:45 GMT" time="30.530" errors="0">
  <testcase name="validLoginTest" time="30.530" classname="com.training.sanity.tests.CYTC_005tests"/>
</testsuite> <!-- com.training.sanity.tests.CYTC_005tests -->
