<?xml version="1.0" encoding="UTF-8"?>
<!-- Generated by org.testng.reporters.JUnitReportReporter -->
<testsuite skipped="0" hostname="IBM-Testing01" name="com.training.sanity.tests.LoginTests" tests="1" failures="0" timestamp="16 Jan 2020 02:55:32 GMT" time="15.653" errors="0">
  <testcase name="validLoginTest" time="15.653" classname="com.training.sanity.tests.LoginTests"/>
</testsuite> <!-- com.training.sanity.tests.LoginTests -->
