<?xml version="1.0" encoding="UTF-8"?>
<!-- Generated by org.testng.reporters.JUnitReportReporter -->
<testsuite skipped="0" hostname="IBM-Testing01" name="com.training.sanity.tests.CYTC_001tests" tests="1" failures="0" timestamp="16 Jan 2020 06:36:31 GMT" time="15.026" errors="0">
  <testcase name="validLoginTest" time="15.026" classname="com.training.sanity.tests.CYTC_001tests"/>
</testsuite> <!-- com.training.sanity.tests.CYTC_001tests -->
