<?xml version="1.0" encoding="UTF-8"?>
<!-- Generated by org.testng.reporters.JUnitReportReporter -->
<testsuite skipped="0" hostname="IBM-Testing01" name="com.training.sanity.tests.CYTC_004tests" tests="1" failures="0" timestamp="16 Jan 2020 06:51:55 GMT" time="15.488" errors="0">
  <testcase name="validLoginTest" time="15.488" classname="com.training.sanity.tests.CYTC_004tests"/>
</testsuite> <!-- com.training.sanity.tests.CYTC_004tests -->
