<?xml version="1.0" encoding="UTF-8"?>
<!-- Generated by org.testng.reporters.JUnitReportReporter -->
<testsuite skipped="0" hostname="IBM-Testing01" name="com.training.sanity.tests.CYTC_003tests" tests="1" failures="0" timestamp="16 Jan 2020 06:39:56 GMT" time="33.068" errors="0">
  <testcase name="validLoginTest" time="33.068" classname="com.training.sanity.tests.CYTC_003tests"/>
</testsuite> <!-- com.training.sanity.tests.CYTC_003tests -->
