<?xml version="1.0" encoding="UTF-8"?>
<!-- Generated by org.testng.reporters.JUnitReportReporter -->
<testsuite skipped="0" hostname="IBM-Testing01" name="com.training.sanity.tests.userlogintest" tests="1" failures="0" timestamp="16 Jan 2020 03:58:39 GMT" time="15.232" errors="0">
  <testcase name="validLoginTest" time="15.232" classname="com.training.sanity.tests.userlogintest"/>
</testsuite> <!-- com.training.sanity.tests.userlogintest -->
