<?xml version="1.0" encoding="UTF-8"?>
<!-- Generated by org.testng.reporters.JUnitReportReporter -->
<testsuite skipped="0" hostname="IBM-Testing01" name="com.training.sanity.tests.RegisterTests" tests="1" failures="0" timestamp="14 Jan 2020 11:00:42 GMT" time="25.471" errors="0">
  <testcase name="validRegisterTest" time="25.471" classname="com.training.sanity.tests.RegisterTests"/>
</testsuite> <!-- com.training.sanity.tests.RegisterTests -->
