<?xml version="1.0" encoding="UTF-8"?>
<!-- Generated by org.testng.reporters.JUnitReportReporter -->
<testsuite skipped="0" hostname="IBM-Testing01" name="com.training.sanity.tests.CYTC_002tests" tests="1" failures="0" timestamp="16 Jan 2020 06:53:30 GMT" time="14.940" errors="0">
  <testcase name="validLoginTest" time="14.940" classname="com.training.sanity.tests.CYTC_002tests"/>
</testsuite> <!-- com.training.sanity.tests.CYTC_002tests -->
