<?xml version="1.0" encoding="UTF-8"?>
<!-- Generated by org.testng.reporters.JUnitReportReporter -->
<testsuite skipped="0" hostname="IBM-Testing01" name="com.training.sanity.tests.Addresschangetests" tests="1" failures="0" timestamp="16 Jan 2020 04:52:51 GMT" time="30.426" errors="0">
  <testcase name="validLoginTest" time="30.426" classname="com.training.sanity.tests.Addresschangetests"/>
</testsuite> <!-- com.training.sanity.tests.Addresschangetests -->
