<?xml version="1.0" encoding="UTF-8"?>
<!-- Generated by org.testng.reporters.JUnitReportReporter -->
<testsuite skipped="0" hostname="IBM-Testing01" name="com.training.sanity.tests.CYTC_042tests" tests="1" failures="0" timestamp="20 Jan 2020 06:37:07 GMT" time="37.039" errors="0">
  <testcase name="validLoginTest" time="37.039" classname="com.training.sanity.tests.CYTC_042tests"/>
</testsuite> <!-- com.training.sanity.tests.CYTC_042tests -->
